<?xml version="1.0" encoding="UTF-8"?>
<!-- Generated by org.testng.reporters.JUnitReportReporter -->
<testsuite hostname="DESKTOP-R5FUEAI" failures="0" tests="1" name="PageTest.LoginPageTest" time="33.353" errors="0" timestamp="2023-01-01T19:38:36 CST" skipped="0">
  <testcase classname="PageTest.LoginPageTest" name="ValidUserShouldBeableToLogin" time="33.353"/>
  <system-out/>
</testsuite> <!-- PageTest.LoginPageTest -->
