<?xml version="1.0" encoding="UTF-8"?>
<!-- Generated by org.testng.reporters.JUnitReportReporter -->
<testsuite hostname="DESKTOP-R5FUEAI" failures="0" tests="1" name="Pages.LoginPage" time="5.263" errors="0" timestamp="2023-01-01T16:06:59 CST" skipped="0">
  <testcase classname="Pages.LoginPage" name="ValidUserShouldBeableToLogin" time="5.263"/>
  <system-out/>
</testsuite> <!-- Pages.LoginPage -->
