<?xml version="1.0" encoding="UTF-8"?>
<!-- Generated by org.testng.reporters.JUnitReportReporter -->
<testsuite hostname="DESKTOP-R5FUEAI" failures="0" tests="1" name="session5.POmProject.AppTest" time="0.007" errors="0" timestamp="2023-01-01T15:42:25 CST" skipped="0">
  <testcase classname="session5.POmProject.AppTest" name="shouldAnswerWithTrue" time="0.007"/>
  <system-out/>
</testsuite> <!-- session5.POmProject.AppTest -->
